<html>
<head>
<title>TestNG:  Default test</title>
<link href="../testng.css" rel="stylesheet" type="text/css" />
<link href="../my-testng.css" rel="stylesheet" type="text/css" />

<style type="text/css">
.log { display: none;} 
.stack-trace { display: none;} 
</style>
<script type="text/javascript">
<!--
function flip(e) {
  current = e.style.display;
  if (current == 'block') {
    e.style.display = 'none';
    return 0;
  }
  else {
    e.style.display = 'block';
    return 1;
  }
}

function toggleBox(szDivId, elem, msg1, msg2)
{
  var res = -1;  if (document.getElementById) {
    res = flip(document.getElementById(szDivId));
  }
  else if (document.all) {
    // this is the way old msie versions work
    res = flip(document.all[szDivId]);
  }
  if(elem) {
    if(res == 0) elem.innerHTML = msg1; else elem.innerHTML = msg2;
  }

}

function toggleAllBoxes() {
  if (document.getElementsByTagName) {
    d = document.getElementsByTagName('div');
    for (i = 0; i < d.length; i++) {
      if (d[i].className == 'log') {
        flip(d[i]);
      }
    }
  }
}

// -->
</script>

</head>
<body>
<h2 align='center'>Default test</h2><table border='1' align="center">
<tr>
<td>Tests passed/Failed/Skipped:</td><td>12/1/0</td>
</tr><tr>
<td>Started on:</td><td>Wed Mar 22 16:10:53 IST 2017</td>
</tr>
<tr><td>Total time:</td><td>86 seconds (86272 ms)</td>
</tr><tr>
<td>Included groups:</td><td></td>
</tr><tr>
<td>Excluded groups:</td><td></td>
</tr>
</table><p/>
<small><i>(Hover the method name to see the test class name)</i></small><p/>
<table width='100%' border='1' class='invocation-failed'>
<tr><td colspan='4' align='center'><b>FAILED TESTS</b></td></tr>
<tr><td><b>Test method</b></td>
<td width="30%"><b>Exception</b></td>
<td width="10%"><b>Time (seconds)</b></td>
<td><b>Instance</b></td>
</tr>
<tr>
<td title='HoldActivateCancel_testcase.CreateRequest.Skill_detailLoc()'><b>Skill_detailLoc</b><br>Test class: HoldActivateCancel_testcase.CreateRequest</td>
<td><div><pre>org.openqa.selenium.NoAlertPresentException: no alert open
  (Session info: chrome=57.0.2987.110)
  (Driver info: chromedriver=2.28.455520 (cc17746adff54984afff480136733114c6b3704b),platform=Windows NT 6.1.7601 SP1 x86_64) (WARNING: The server did not provide any stacktrace information)
Command duration or timeout: 17 milliseconds
Build info: version: &apos;2.52.0&apos;, revision: &apos;4c2593c&apos;, time: &apos;2016-02-11 19:03:33&apos;
System info: host: &apos;IBM200-PC07QF34&apos;, ip: &apos;9.193.11.122&apos;, os.name: &apos;Windows 7&apos;, os.arch: &apos;amd64&apos;, os.version: &apos;6.1&apos;, java.version: &apos;1.8.0_111&apos;
Driver info: org.openqa.selenium.chrome.ChromeDriver
Capabilities [{applicationCacheEnabled=false, rotatable=false, mobileEmulationEnabled=false, networkConnectionEnabled=false, chrome={chromedriverVersion=2.28.455520 (cc17746adff54984afff480136733114c6b3704b), userDataDir=C:\Users\IBM_AD~1\AppData\Local\Temp\scoped_dir9180_7843}, takesHeapSnapshot=true, pageLoadStrategy=normal, databaseEnabled=false, handlesAlerts=true, hasTouchScreen=false, version=57.0.2987.110, platform=XP, browserConnectionEnabled=false, nativeEvents=true, acceptSslCerts=true, locationContextEnabled=true, webStorageEnabled=true, browserName=chrome, takesScreenshot=true, javascriptEnabled=true, cssSelectorsEnabled=true, unexpectedAlertBehaviour=}]
Session ID: 8cd68bc5e211a1e2a7a1a69905ac0367
	at sun.reflect.NativeConstructorAccessorImpl.newInstance0(Native Method)
	at sun.reflect.NativeConstructorAccessorImpl.newInstance(Unknown Source)
	at sun.reflect.DelegatingConstructorAccessorImpl.newInstance(Unknown Source)
	at java.lang.reflect.Constructor.newInstance(Unknown Source)
	at org.openqa.selenium.remote.ErrorHandler.createThrowable(ErrorHandler.java:206)
	at org.openqa.selenium.remote.ErrorHandler.throwIfResponseFailed(ErrorHandler.java:158)
	at org.openqa.selenium.remote.RemoteWebDriver.execute(RemoteWebDriver.java:678)
	at org.openqa.selenium.remote.RemoteWebDriver.execute(RemoteWebDriver.java:701)
	at org.openqa.selenium.remote.RemoteWebDriver$RemoteTargetLocator.alert(RemoteWebDriver.java:1049)
	at step1_CreateRequest.Page07_SkilldetailLocation.Skill_detailLocationpage(Page07_SkilldetailLocation.java:70)
	at HoldActivateCancel_testcase.CreateRequest.Skill_detailLoc(CreateRequest.java:129)
	at sun.reflect.NativeMethodAccessorImpl.invoke0(Native Method)
	at sun.reflect.NativeMethodAccessorImpl.invoke(Unknown Source)
	at sun.reflect.DelegatingMethodAccessorImpl.invoke(Unknown Source)
	at java.lang.reflect.Method.invoke(Unknown Source)
	at org.testng.internal.MethodInvocationHelper.invokeMethod(MethodInvocationHelper.java:104)
	at org.testng.internal.Invoker.invokeMethod(Invoker.java:645)
	at org.testng.internal.Invoker.invokeTestMethod(Invoker.java:851)
	at org.testng.internal.Invoker.invokeTestMethods(Invoker.java:1177)
	at org.testng.internal.TestMethodWorker.invokeTestMethods(TestMethodWorker.java:129)
	at org.testng.internal.TestMethodWorker.run(TestMethodWorker.java:112)
	at org.testng.TestRunner.privateRun(TestRunner.java:756)
	at org.testng.TestRunner.run(TestRunner.java:610)
	at org.testng.SuiteRunner.runTest(SuiteRunner.java:387)
	at org.testng.SuiteRunner.runSequentially(SuiteRunner.java:382)
	at org.testng.SuiteRunner.privateRun(SuiteRunner.java:340)
	at org.testng.SuiteRunner.run(SuiteRunner.java:289)
	at org.testng.SuiteRunnerWorker.runSuite(SuiteRunnerWorker.java:52)
	at org.testng.SuiteRunnerWorker.run(SuiteRunnerWorker.java:86)
	at org.testng.TestNG.runSuitesSequentially(TestNG.java:1293)
	at org.testng.TestNG.runSuitesLocally(TestNG.java:1218)
	at org.testng.TestNG.runSuites(TestNG.java:1133)
	at org.testng.TestNG.run(TestNG.java:1104)
	at org.testng.remote.AbstractRemoteTestNG.run(AbstractRemoteTestNG.java:132)
	at org.testng.remote.RemoteTestNG.initAndRun(RemoteTestNG.java:236)
	at org.testng.remote.RemoteTestNG.main(RemoteTestNG.java:81)
</pre></div><a href='#' onClick='toggleBox("stack-trace1449605932", this, "Click to show all stack frames", "Click to hide stack frames")'>Click to show all stack frames</a>
<div class='stack-trace' id='stack-trace1449605932'><pre>org.openqa.selenium.NoAlertPresentException: no alert open
  (Session info: chrome=57.0.2987.110)
  (Driver info: chromedriver=2.28.455520 (cc17746adff54984afff480136733114c6b3704b),platform=Windows NT 6.1.7601 SP1 x86_64) (WARNING: The server did not provide any stacktrace information)
Command duration or timeout: 17 milliseconds
Build info: version: &apos;2.52.0&apos;, revision: &apos;4c2593c&apos;, time: &apos;2016-02-11 19:03:33&apos;
System info: host: &apos;IBM200-PC07QF34&apos;, ip: &apos;9.193.11.122&apos;, os.name: &apos;Windows 7&apos;, os.arch: &apos;amd64&apos;, os.version: &apos;6.1&apos;, java.version: &apos;1.8.0_111&apos;
Driver info: org.openqa.selenium.chrome.ChromeDriver
Capabilities [{applicationCacheEnabled=false, rotatable=false, mobileEmulationEnabled=false, networkConnectionEnabled=false, chrome={chromedriverVersion=2.28.455520 (cc17746adff54984afff480136733114c6b3704b), userDataDir=C:\Users\IBM_AD~1\AppData\Local\Temp\scoped_dir9180_7843}, takesHeapSnapshot=true, pageLoadStrategy=normal, databaseEnabled=false, handlesAlerts=true, hasTouchScreen=false, version=57.0.2987.110, platform=XP, browserConnectionEnabled=false, nativeEvents=true, acceptSslCerts=true, locationContextEnabled=true, webStorageEnabled=true, browserName=chrome, takesScreenshot=true, javascriptEnabled=true, cssSelectorsEnabled=true, unexpectedAlertBehaviour=}]
Session ID: 8cd68bc5e211a1e2a7a1a69905ac0367
	at sun.reflect.NativeConstructorAccessorImpl.newInstance0(Native Method)
	at sun.reflect.NativeConstructorAccessorImpl.newInstance(Unknown Source)
	at sun.reflect.DelegatingConstructorAccessorImpl.newInstance(Unknown Source)
	at java.lang.reflect.Constructor.newInstance(Unknown Source)
	at org.openqa.selenium.remote.ErrorHandler.createThrowable(ErrorHandler.java:206)
	at org.openqa.selenium.remote.ErrorHandler.throwIfResponseFailed(ErrorHandler.java:158)
	at org.openqa.selenium.remote.RemoteWebDriver.execute(RemoteWebDriver.java:678)
	at org.openqa.selenium.remote.RemoteWebDriver.execute(RemoteWebDriver.java:701)
	at org.openqa.selenium.remote.RemoteWebDriver$RemoteTargetLocator.alert(RemoteWebDriver.java:1049)
	at step1_CreateRequest.Page07_SkilldetailLocation.Skill_detailLocationpage(Page07_SkilldetailLocation.java:70)
	at HoldActivateCancel_testcase.CreateRequest.Skill_detailLoc(CreateRequest.java:129)
	at sun.reflect.NativeMethodAccessorImpl.invoke0(Native Method)
	at sun.reflect.NativeMethodAccessorImpl.invoke(Unknown Source)
	at sun.reflect.DelegatingMethodAccessorImpl.invoke(Unknown Source)
	at java.lang.reflect.Method.invoke(Unknown Source)
	at org.testng.internal.MethodInvocationHelper.invokeMethod(MethodInvocationHelper.java:104)
	at org.testng.internal.Invoker.invokeMethod(Invoker.java:645)
	at org.testng.internal.Invoker.invokeTestMethod(Invoker.java:851)
	at org.testng.internal.Invoker.invokeTestMethods(Invoker.java:1177)
	at org.testng.internal.TestMethodWorker.invokeTestMethods(TestMethodWorker.java:129)
	at org.testng.internal.TestMethodWorker.run(TestMethodWorker.java:112)
	at org.testng.TestRunner.privateRun(TestRunner.java:756)
	at org.testng.TestRunner.run(TestRunner.java:610)
	at org.testng.SuiteRunner.runTest(SuiteRunner.java:387)
	at org.testng.SuiteRunner.runSequentially(SuiteRunner.java:382)
	at org.testng.SuiteRunner.privateRun(SuiteRunner.java:340)
	at org.testng.SuiteRunner.run(SuiteRunner.java:289)
	at org.testng.SuiteRunnerWorker.runSuite(SuiteRunnerWorker.java:52)
	at org.testng.SuiteRunnerWorker.run(SuiteRunnerWorker.java:86)
	at org.testng.TestNG.runSuitesSequentially(TestNG.java:1293)
	at org.testng.TestNG.runSuitesLocally(TestNG.java:1218)
	at org.testng.TestNG.runSuites(TestNG.java:1133)
	at org.testng.TestNG.run(TestNG.java:1104)
	at org.testng.remote.AbstractRemoteTestNG.run(AbstractRemoteTestNG.java:132)
	at org.testng.remote.RemoteTestNG.initAndRun(RemoteTestNG.java:236)
	at org.testng.remote.RemoteTestNG.main(RemoteTestNG.java:81)
</pre></div></td>
<td>16</td>
<td>HoldActivateCancel_testcase.CreateRequest@2b552920</td></tr>
</table><p>
<table width='100%' border='1' class='invocation-passed'>
<tr><td colspan='4' align='center'><b>PASSED TESTS</b></td></tr>
<tr><td><b>Test method</b></td>
<td width="30%"><b>Exception</b></td>
<td width="10%"><b>Time (seconds)</b></td>
<td><b>Instance</b></td>
</tr>
<tr>
<td title='HoldActivateCancel_testcase.CreateRequest.Alerthandling()'><b>Alerthandling</b><br>Test class: HoldActivateCancel_testcase.CreateRequest</td>
<td></td>
<td>0</td>
<td>HoldActivateCancel_testcase.CreateRequest@2b552920</td></tr>
<tr>
<td title='HoldActivateCancel_testcase.CreateRequest.JRSS_Select()'><b>JRSS_Select</b><br>Test class: HoldActivateCancel_testcase.CreateRequest</td>
<td></td>
<td>2</td>
<td>HoldActivateCancel_testcase.CreateRequest@2b552920</td></tr>
<tr>
<td title='HoldActivateCancel_testcase.CreateRequest.RIPC_Login()'><b>RIPC_Login</b><br>Test class: HoldActivateCancel_testcase.CreateRequest</td>
<td></td>
<td>6</td>
<td>HoldActivateCancel_testcase.CreateRequest@2b552920</td></tr>
<tr>
<td title='HoldActivateCancel_testcase.CreateRequest.ReqSummary()'><b>ReqSummary</b><br>Test class: HoldActivateCancel_testcase.CreateRequest</td>
<td></td>
<td>7</td>
<td>HoldActivateCancel_testcase.CreateRequest@2b552920</td></tr>
<tr>
<td title='HoldActivateCancel_testcase.CreateRequest.Req_detail()'><b>Req_detail</b><br>Test class: HoldActivateCancel_testcase.CreateRequest</td>
<td></td>
<td>1</td>
<td>HoldActivateCancel_testcase.CreateRequest@2b552920</td></tr>
<tr>
<td title='HoldActivateCancel_testcase.CreateRequest.Select_Requester1()'><b>Select_Requester1</b><br>Test class: HoldActivateCancel_testcase.CreateRequest</td>
<td></td>
<td>9</td>
<td>HoldActivateCancel_testcase.CreateRequest@2b552920</td></tr>
<tr>
<td title='HoldActivateCancel_testcase.CreateRequest.SkillSummary()'><b>SkillSummary</b><br>Test class: HoldActivateCancel_testcase.CreateRequest</td>
<td></td>
<td>5</td>
<td>HoldActivateCancel_testcase.CreateRequest@2b552920</td></tr>
<tr>
<td title='HoldActivateCancel_testcase.CreateRequest.Skill_Request1()'><b>Skill_Request1</b><br>Test class: HoldActivateCancel_testcase.CreateRequest</td>
<td></td>
<td>1</td>
<td>HoldActivateCancel_testcase.CreateRequest@2b552920</td></tr>
<tr>
<td title='HoldActivateCancel_testcase.CreateRequest.Skill_detailsklprc()'><b>Skill_detailsklprc</b><br>Test class: HoldActivateCancel_testcase.CreateRequest</td>
<td></td>
<td>12</td>
<td>HoldActivateCancel_testcase.CreateRequest@2b552920</td></tr>
<tr>
<td title='HoldActivateCancel_testcase.CreateRequest.Supp_select()'><b>Supp_select</b><br>Test class: HoldActivateCancel_testcase.CreateRequest</td>
<td></td>
<td>14</td>
<td>HoldActivateCancel_testcase.CreateRequest@2b552920</td></tr>
<tr>
<td title='HoldActivateCancel_testcase.CreateRequest.open_CSA_Tab()'><b>open_CSA_Tab</b><br>Test class: HoldActivateCancel_testcase.CreateRequest</td>
<td></td>
<td>1</td>
<td>HoldActivateCancel_testcase.CreateRequest@2b552920</td></tr>
<tr>
<td title='HoldActivateCancel_testcase.CreateRequest.submitconfirmed()'><b>submitconfirmed</b><br>Test class: HoldActivateCancel_testcase.CreateRequest<br/>
<a href="#Output-2073299099" onClick='toggleBox("Output-2073299099", this, "Show output", "Hide output");'>Show output</a>

<a href="#Output-2073299099" onClick="toggleAllBoxes();">Show all outputs</a>
<div class='log' id="Output-2073299099">
Technical Service skill request (U22P9Q)<br/>
</div>
</td>
<td></td>
<td>0</td>
<td>HoldActivateCancel_testcase.CreateRequest@2b552920</td></tr>
</table><p>
</body>
</html>