<?xml version="1.0" encoding="UTF-8"?>
<!-- Generated by org.testng.reporters.JUnitReportReporter -->
<testsuite name="breakdown_Tier_supplier_Test_Cases.CreateRequest" tests="13" time="76.330" ignored="0" failures="0" timestamp="31 Jan 2017 09:05:40 GMT" skipped="0" hostname="IBM200-PC07QF34" errors="1">
  <testcase name="SkillSummary" time="2.964" classname="breakdown_Tier_supplier_Test_Cases.CreateRequest"/>
  <testcase name="Skill_detailLoc" time="19.688" classname="breakdown_Tier_supplier_Test_Cases.CreateRequest">
    <error type="org.openqa.selenium.NoAlertPresentException" message="No alert is present (WARNING: The server did not provide any stacktrace information)
Command duration or timeout: 2.23 seconds
Build info: version: &#039;2.52.0&#039;, revision: &#039;4c2593c&#039;, time: &#039;2016-02-11 19:03:33&#039;
System info: host: &#039;IBM200-PC07QF34&#039;, ip: &#039;9.193.11.68&#039;, os.name: &#039;Windows 7&#039;, os.arch: &#039;amd64&#039;, os.version: &#039;6.1&#039;, java.version: &#039;1.8.0_111&#039;
Driver info: org.openqa.selenium.firefox.FirefoxDriver
Capabilities [{applicationCacheEnabled=true, rotatable=false, handlesAlerts=true, databaseEnabled=true, version=45.7.0, platform=WINDOWS, nativeEvents=false, acceptSslCerts=true, webStorageEnabled=true, locationContextEnabled=true, browserName=firefox, takesScreenshot=true, javascriptEnabled=true, cssSelectorsEnabled=true}]
Session ID: 8f030bab-06b8-455e-b6da-98489df24b1e">
      <![CDATA[org.openqa.selenium.NoAlertPresentException: No alert is present (WARNING: The server did not provide any stacktrace information)
Command duration or timeout: 2.23 seconds
Build info: version: '2.52.0', revision: '4c2593c', time: '2016-02-11 19:03:33'
System info: host: 'IBM200-PC07QF34', ip: '9.193.11.68', os.name: 'Windows 7', os.arch: 'amd64', os.version: '6.1', java.version: '1.8.0_111'
Driver info: org.openqa.selenium.firefox.FirefoxDriver
Capabilities [{applicationCacheEnabled=true, rotatable=false, handlesAlerts=true, databaseEnabled=true, version=45.7.0, platform=WINDOWS, nativeEvents=false, acceptSslCerts=true, webStorageEnabled=true, locationContextEnabled=true, browserName=firefox, takesScreenshot=true, javascriptEnabled=true, cssSelectorsEnabled=true}]
Session ID: 8f030bab-06b8-455e-b6da-98489df24b1e
	at sun.reflect.NativeConstructorAccessorImpl.newInstance0(Native Method)
	at sun.reflect.NativeConstructorAccessorImpl.newInstance(Unknown Source)
	at sun.reflect.DelegatingConstructorAccessorImpl.newInstance(Unknown Source)
	at java.lang.reflect.Constructor.newInstance(Unknown Source)
	at org.openqa.selenium.remote.ErrorHandler.createThrowable(ErrorHandler.java:206)
	at org.openqa.selenium.remote.ErrorHandler.throwIfResponseFailed(ErrorHandler.java:158)
	at org.openqa.selenium.remote.RemoteWebDriver.execute(RemoteWebDriver.java:678)
	at org.openqa.selenium.remote.RemoteWebDriver.execute(RemoteWebDriver.java:701)
	at org.openqa.selenium.remote.RemoteWebDriver$RemoteTargetLocator.alert(RemoteWebDriver.java:1049)
	at step1_CreateRequest.Page07_SkilldetailLocation.Skill_detailLocationpage(Page07_SkilldetailLocation.java:70)
	at breakdown_Tier_supplier_Test_Cases.CreateRequest.Skill_detailLoc(CreateRequest.java:136)
	at sun.reflect.NativeMethodAccessorImpl.invoke0(Native Method)
	at sun.reflect.NativeMethodAccessorImpl.invoke(Unknown Source)
	at sun.reflect.DelegatingMethodAccessorImpl.invoke(Unknown Source)
	at java.lang.reflect.Method.invoke(Unknown Source)
	at org.testng.internal.MethodInvocationHelper.invokeMethod(MethodInvocationHelper.java:104)
	at org.testng.internal.Invoker.invokeMethod(Invoker.java:645)
	at org.testng.internal.Invoker.invokeTestMethod(Invoker.java:851)
	at org.testng.internal.Invoker.invokeTestMethods(Invoker.java:1177)
	at org.testng.internal.TestMethodWorker.invokeTestMethods(TestMethodWorker.java:129)
	at org.testng.internal.TestMethodWorker.run(TestMethodWorker.java:112)
	at org.testng.TestRunner.privateRun(TestRunner.java:756)
	at org.testng.TestRunner.run(TestRunner.java:610)
	at org.testng.SuiteRunner.runTest(SuiteRunner.java:387)
	at org.testng.SuiteRunner.runSequentially(SuiteRunner.java:382)
	at org.testng.SuiteRunner.privateRun(SuiteRunner.java:340)
	at org.testng.SuiteRunner.run(SuiteRunner.java:289)
	at org.testng.SuiteRunnerWorker.runSuite(SuiteRunnerWorker.java:52)
	at org.testng.SuiteRunnerWorker.run(SuiteRunnerWorker.java:86)
	at org.testng.TestNG.runSuitesSequentially(TestNG.java:1293)
	at org.testng.TestNG.runSuitesLocally(TestNG.java:1218)
	at org.testng.TestNG.runSuites(TestNG.java:1133)
	at org.testng.TestNG.run(TestNG.java:1104)
	at org.testng.remote.AbstractRemoteTestNG.run(AbstractRemoteTestNG.java:132)
	at org.testng.remote.RemoteTestNG.initAndRun(RemoteTestNG.java:236)
	at org.testng.remote.RemoteTestNG.main(RemoteTestNG.java:81)
]]>
    </error>
  </testcase> <!-- Skill_detailLoc -->
  <testcase name="Req_detail" time="8.938" classname="breakdown_Tier_supplier_Test_Cases.CreateRequest"/>
  <testcase name="Select_Requester1" time="7.737" classname="breakdown_Tier_supplier_Test_Cases.CreateRequest"/>
  <testcase name="Skill_Request1" time="1.701" classname="breakdown_Tier_supplier_Test_Cases.CreateRequest"/>
  <testcase name="Supp_select" time="6.848" classname="breakdown_Tier_supplier_Test_Cases.CreateRequest"/>
  <testcase name="open_CSA_Tab" time="1.622" classname="breakdown_Tier_supplier_Test_Cases.CreateRequest"/>
  <testcase name="JRSS_Select" time="4.587" classname="breakdown_Tier_supplier_Test_Cases.CreateRequest"/>
  <testcase name="Skill_detailsklprc" time="9.485" classname="breakdown_Tier_supplier_Test_Cases.CreateRequest"/>
  <testcase name="submitconfirmed" time="0.249" classname="breakdown_Tier_supplier_Test_Cases.CreateRequest"/>
  <testcase name="RIPC_Login" time="8.283" classname="breakdown_Tier_supplier_Test_Cases.CreateRequest"/>
  <testcase name="ReqSummary" time="1.342" classname="breakdown_Tier_supplier_Test_Cases.CreateRequest"/>
  <testcase name="Cand_detail" time="2.886" classname="breakdown_Tier_supplier_Test_Cases.CreateRequest"/>
</testsuite> <!-- breakdown_Tier_supplier_Test_Cases.CreateRequest -->
